<?xml version="1.0" encoding="utf-8"?><testsuites name="pytest tests"><testsuite name="pytest" errors="0" failures="0" skipped="0" tests="8" time="1.732" timestamp="2026-06-13T08:24:04.589536+00:00" hostname="agent-env-32cd7e12-df11-481f-90f5-16ead0a7da32"><testcase classname="tests.test_contact_api.TestHealth" name="test_health_returns_expected_shape" time="0.196" /><testcase classname="tests.test_contact_api.TestContactValidation" name="test_only_name_no_email_no_phone_returns_400" time="0.133" /><testcase classname="tests.test_contact_api.TestContactValidation" name="test_honeypot_returns_200_silent" time="0.101" /><testcase classname="tests.test_contact_api.TestContactValidation" name="test_name_too_short_returns_422" time="0.108" /><testcase classname="tests.test_contact_api.TestContactValidation" name="test_message_too_short_returns_422" time="0.099" /><testcase classname="tests.test_contact_api.TestContactValidation" name="test_invalid_email_returns_422" time="0.128" /><testcase classname="tests.test_contact_api.TestContactResendUnconfigured" name="test_valid_payload_returns_503_when_resend_not_configured" time="0.096" /><testcase classname="tests.test_contact_api.TestContactRateLimit" name="test_sixth_request_returns_429" time="0.807" /></testsuite></testsuites>