<?xml version="1.0" encoding="utf-8"?><testsuites name="pytest tests"><testsuite name="pytest" errors="0" failures="0" skipped="0" tests="7" time="1.126" timestamp="2026-06-13T12:47:48.991810+00:00" hostname="agent-env-32cd7e12-df11-481f-90f5-16ead0a7da32"><testcase classname="backend.tests.test_contact_api.TestHealth" name="test_health_returns_expected_shape" time="0.156" /><testcase classname="backend.tests.test_contact_api.TestContactValidation" name="test_only_name_no_email_no_phone_returns_400" time="0.110" /><testcase classname="backend.tests.test_contact_api.TestContactValidation" name="test_honeypot_returns_200_silent" time="0.113" /><testcase classname="backend.tests.test_contact_api.TestContactValidation" name="test_name_too_short_returns_422" time="0.133" /><testcase classname="backend.tests.test_contact_api.TestContactValidation" name="test_message_too_short_returns_422" time="0.097" /><testcase classname="backend.tests.test_contact_api.TestContactValidation" name="test_invalid_email_returns_422" time="0.097" /><testcase classname="backend.tests.test_contact_api.TestContactLiveSend" name="test_single_valid_submission_returns_200_and_email_id" time="0.350" /></testsuite></testsuites>